<?xml version="1.0" encoding="UTF-8"?>
<!-- Generated by org.testng.reporters.JUnitXMLReporter -->
<testsuite ignored="0" hostname="DESKTOP-6QQI3PG" failures="1" tests="1" name="Test" time="2.605" errors="0" timestamp="2023-07-06T15:38:05 BRT">
  <testcase classname="rahulshettyacademy.TestDemo" name="titleCheck" time="2.54">
    <failure type="org.openqa.selenium.SessionNotCreatedException" message="Could not start a new session. Unable to parse remote response: Authorization required 
Host info: host: &amp;apos;DESKTOP-6QQI3PG&amp;apos;, ip: &amp;apos;192.168.0.104&amp;apos;">
      <![CDATA[org.openqa.selenium.SessionNotCreatedException: Could not start a new session. Unable to parse remote response: Authorization required 
Host info: host: 'DESKTOP-6QQI3PG', ip: '192.168.0.104'
at org.openqa.selenium.remote.ProtocolHandshake.createSession(ProtocolHandshake.java:126)
at org.openqa.selenium.remote.ProtocolHandshake.createSession(ProtocolHandshake.java:96)
at org.openqa.selenium.remote.ProtocolHandshake.createSession(ProtocolHandshake.java:68)
at org.openqa.selenium.remote.HttpCommandExecutor.execute(HttpCommandExecutor.java:163)
at org.openqa.selenium.remote.TracedCommandExecutor.execute(TracedCommandExecutor.java:51)
at org.openqa.selenium.remote.RemoteWebDriver.execute(RemoteWebDriver.java:531)
at org.openqa.selenium.remote.RemoteWebDriver.startSession(RemoteWebDriver.java:227)
at org.openqa.selenium.remote.RemoteWebDriver.<init>(RemoteWebDriver.java:154)
at org.openqa.selenium.remote.RemoteWebDriver.<init>(RemoteWebDriver.java:134)
at rahulshettyacademy.TestDemo.titleCheck(TestDemo.java:18)
at java.base/java.util.ArrayList.forEach(ArrayList.java:1511)
Caused by: org.openqa.selenium.json.JsonException: Unable to parse: Authorization required
at org.openqa.selenium.json.Json.toType(Json.java:58)
at org.openqa.selenium.json.Json.toType(Json.java:51)
at org.openqa.selenium.remote.ProtocolHandshake.createSession(ProtocolHandshake.java:122)
... 37 more
Caused by: org.openqa.selenium.json.JsonException: Unable to determine type from: A. Last 1 characters read: A
Build info: version: '4.10.0', revision: 'c14d967899'
System info: os.name: 'Windows 10', os.arch: 'amd64', os.version: '10.0', java.version: '17.0.1'
Driver info: driver.version: RemoteWebDriver
at org.openqa.selenium.json.JsonInput.peek(JsonInput.java:133)
at org.openqa.selenium.json.JsonTypeCoercer.lambda$buildCoercer$6(JsonTypeCoercer.java:159)
at org.openqa.selenium.json.JsonTypeCoercer.coerce(JsonTypeCoercer.java:145)
at org.openqa.selenium.json.Json.toType(Json.java:72)
at org.openqa.selenium.json.Json.toType(Json.java:56)
... 39 more
... Removed 27 stack frames]]>
    </failure>
  </testcase> <!-- titleCheck -->
</testsuite> <!-- Test -->
