<?xml version="1.0" encoding="UTF-8"?>
<testsuite xmlns:xsi="http://www.w3.org/2001/XMLSchema-instance" xsi:noNamespaceSchemaLocation="https://maven.apache.org/surefire/maven-surefire-plugin/xsd/surefire-test-report-3.0.xsd" version="3.0" name="TestSuite" time="39.538" tests="4" errors="0" skipped="0" failures="2">
  <properties>
[...]
</properties>
  <testcase name="titleCheck" classname="rahulshettyacademy.TestDemo" time="13.999">
    <failure message="expected [true] but found [false]" type="java.lang.AssertionError"><![CDATA[java.lang.AssertionError: expected [true] but found [false]
	at rahulshettyacademy.TestDemo.titleCheck(TestDemo.java:21)
]]></failure>
    <system-err><![CDATA[jul. 08, 2023 3:41:40 PM org.openqa.selenium.remote.tracing.opentelemetry.OpenTelemetryTracer createTracer
INFORMAÇÕES: Using OpenTelemetry for tracing
]]></system-err>
  </testcase>
  <testcase name="titleCheck" classname="rahulshettyacademy.TestDemo" time="4.82">
    <failure message="expected [true] but found [false]" type="java.lang.AssertionError"><![CDATA[java.lang.AssertionError: expected [true] but found [false]
	at rahulshettyacademy.TestDemo.titleCheck(TestDemo.java:21)
]]></failure>
  </testcase>
  <testcase name="titleCheckGoogle" classname="rahulshettyacademy.TestDemo2" time="10.403">
    <system-out><![CDATA[Google
]]></system-out>
  </testcase>
  <testcase name="titleCheckGoogle" classname="rahulshettyacademy.TestDemo2" time="12.43">
    <system-out><![CDATA[Google
]]></system-out>
  </testcase>
</testsuite>